<?xml version="1.0" encoding="UTF-8"?>
<!-- Generated by org.testng.reporters.JUnitXMLReporter -->
<testsuite hostname="DESKTOP-DC93QGP" ignored="0" name="OrangeHRM" tests="4" failures="1" timestamp="2021-05-18T11:25:37 IST" time="108.818" errors="0">
  <testcase name="orageHRM_admin_login" time="13.674" classname="testScripts.AdminLogin">
    <failure type="java.lang.AssertionError" message="expected [Welcome Admin] but found [Welcome Paul]">
      <![CDATA[java.lang.AssertionError: expected [Welcome Admin] but found [Welcome Paul]
at testScripts.AdminLogin.orageHRM_admin_login(AdminLogin.java:73)
at java.util.ArrayList.forEach(Unknown Source)
... Removed 32 stack frames]]>
    </failure>
  </testcase> <!-- orageHRM_admin_login -->
  <testcase name="orageHRM_create_user" time="23.258" classname="testScripts.CreateUser"/>
  <testcase name="orageHRM_edit_user" time="34.314" classname="testScripts.EditUser"/>
  <testcase name="orageHRM_delete_user" time="21.696" classname="testScripts.DeleteUser"/>
</testsuite> <!-- OrangeHRM -->
