<?xml version="1.0" encoding="UTF-8"?>
<!-- Generated by org.testng.reporters.JUnitXMLReporter -->
<testsuite hostname="DESKTOP-Q6HET03" name="OrangeHRM" tests="4" failures="0" timestamp="7 Aug 2020 10:09:28 GMT" time="104.547" errors="0">
  <testcase name="orageHRM_admin_login" time="12.442" classname="testScripts.AdminLogin"/>
  <testcase name="orageHRM_create_user" time="27.366" classname="testScripts.CreateUser"/>
  <testcase name="orageHRM_edit_user" time="21.673" classname="testScripts.EditUser"/>
  <testcase name="orageHRM_delete_user" time="19.148" classname="testScripts.DeleteUser"/>
</testsuite> <!-- OrangeHRM -->
